#
# A fatal error has been detected by the Java Runtime Environment:
#
#  SIGSEGV (0xb) at pc=0x00007fff832b08f2, pid=6308, tid=1811
#
# JRE version: Java(TM) SE Runtime Environment (7.0_75-b13) (build 1.7.0_75-b13)
# Java VM: Java HotSpot(TM) 64-Bit Server VM (24.75-b04 mixed mode bsd-amd64 compressed oops)
# Problematic frame:
# C  [libGPUSupportMercury.dylib+0xb8f2]  gldAttachDrawable+0x60
#
# Failed to write core dump. Core dumps have been disabled. To enable core dumping, try "ulimit -c unlimited" before starting Java again
#
# If you would like to submit a bug report, please visit:
#   http://bugreport.sun.com/bugreport/crash.jsp
# The crash happened outside the Java Virtual Machine in native code.
# See problematic frame for where to report the bug.
#

---------------  T H R E A D  ---------------

Current thread (0x00007f7fc403d800):  JavaThread "AppKit Thread" daemon [_thread_in_native, id=1811, stack(0x00007fff57501000,0x00007fff57581000)]

siginfo:si_signo=SIGSEGV: si_errno=0, si_code=0 (SEGV0), si_addr=0x0000000000000000

Registers:
RAX=0xe000000000000000, RBX=0x000000000000271e, RCX=0x0000000000000000, RDX=0x00007f7fc27553e8
RSP=0x00007fff5757a9a0, RBP=0x00007fff5757aaa0, RSI=0x0000000000000050, RDI=0x00007fff72700070
R8 =0x00007f7fc7809e60, R9 =0x00007f7fc7000600, R10=0x000000000000003c, R11=0x0000000000000206
R12=0x0000000000002718, R13=0x00007f7fc30f2000, R14=0x0000000000000050, R15=0x0000000000000000
RIP=0x00007fff832b08f2, EFLAGS=0x0000000000010212, ERR=0x0000000000000000
  TRAPNO=0x000000000000000d

Top of Stack: (sp=0x00007fff5757a9a0)
0x00007fff5757a9a0:   00007fff5757aa14 00007f7fc480b860
0x00007fff5757a9b0:   ffffffffffffffff 0000206000000040
0x00007fff5757a9c0:   00007f7fc480b878 00007fff8557464f
0x00007fff5757a9d0:   0000000000000000 e000000000000000
0x00007fff5757a9e0:   0000000300000003 00007fff5757ab28
0x00007fff5757a9f0:   00007fff5757aab4 000000000002f8c3
0x00007fff5757aa00:   00007fff5757aaac 00007fff5757aab0
0x00007fff5757aa10:   00007fff5757aa90 00007fff90f3b541
0x00007fff5757aa20:   0000000000000000 0000000000004351
0x00007fff5757aa30:   0000003400001200 0000040b00000000
0x00007fff5757aa40:   00007fff5757aa70 00007fff90ed1c5c
0x00007fff5757aa50:   00007fff5757aaa0 0000000000004351
0x00007fff5757aa60:   0000000004272dc2 000000002886835a
0x00007fff5757aa70:   9b00bd918cd56106 00007f7fc7800000
0x00007fff5757aa80:   0000000000002718 0000000000000000
0x00007fff5757aa90:   0000000000000050 0000000000000000
0x00007fff5757aaa0:   00007fff5757aaf0 00007fff849f47e8
0x00007fff5757aab0:   00007f7fc7809e60 0000000000000000
0x00007fff5757aac0:   00007f7fc27553e8 00007f7fc25026f0
0x00007fff5757aad0:   0000000000000000 00007f7fc409d350
0x00007fff5757aae0:   00007f7fc409b400 00007fff72700070
0x00007fff5757aaf0:   00007fff5757abe0 00007fff91a0a870
0x00007fff5757ab00:   4090680000000000 4069000000000000
0x00007fff5757ab10:   4037000000000000 4094000000000000
0x00007fff5757ab20:   408eb00000000000 0000000000000000
0x00007fff5757ab30:   4036000000000000 4094000000000000
0x00007fff5757ab40:   408e000000000000 0000000000000002
0x00007fff5757ab50:   0000000000000000 0000000000000004
0x00007fff5757ab60:   00007f7fc27553e8 0000000000000004
0x00007fff5757ab70:   00007fff5757abe0 00007fff91a0f66b
0x00007fff5757ab80:   0000000400000003 00007f7fc409d350
0x00007fff5757ab90:   00007f7fc409d288 000000028919ffff 

Instructions: (pc=0x00007fff832b08f2)
0x00007fff832b08d2:   48 85 d2 b8 01 00 00 00 bb 15 27 00 00 0f 44 d8
0x00007fff832b08e2:   e9 7f 01 00 00 49 8b 45 08 48 89 85 38 ff ff ff
0x00007fff832b08f2:   48 8b 00 48 89 85 30 ff ff ff 83 fe 4f 0f 8f fd
0x00007fff832b0902:   00 00 00 48 89 d0 bb 15 27 00 00 83 fe 35 0f 84 

Register to memory mapping:

RAX=0xe000000000000000 is an unknown value
RBX=0x000000000000271e is an unknown value
RCX=0x0000000000000000 is an unknown value
RDX=0x00007f7fc27553e8 is an unknown value
RSP=0x00007fff5757a9a0 is pointing into the stack for thread: 0x00007f7fc403d800
RBP=0x00007fff5757aaa0 is pointing into the stack for thread: 0x00007f7fc403d800
RSI=0x0000000000000050 is an unknown value
RDI=0x00007fff72700070: __stack_chk_guard+0 in /usr/lib/system/libsystem_c.dylib at 0x00007fff85610000
R8 =0x00007f7fc7809e60 is an unknown value
R9 =0x00007f7fc7000600 is an unknown value
R10=0x000000000000003c is an unknown value
R11=0x0000000000000206 is an unknown value
R12=0x0000000000002718 is an unknown value
R13=0x00007f7fc30f2000 is an unknown value
R14=0x0000000000000050 is an unknown value
R15=0x0000000000000000 is an unknown value


Stack: [0x00007fff57501000,0x00007fff57581000],  sp=0x00007fff5757a9a0,  free space=486k
Native frames: (J=compiled Java code, j=interpreted, Vv=VM code, C=native code)
C  [libGPUSupportMercury.dylib+0xb8f2]  gldAttachDrawable+0x60
C  [GLEngine+0x167e8]  gliAttachDrawableWithOptions+0x101
C  [OpenGL+0x3870]  glcGetIOAccelService+0xe03
C  [OpenGL+0x7412]  CGLSetPBuffer+0xb90
C  [OpenGL+0x7735]  CGLSetSurface+0x124
C  [AppKit+0x332c34]  NSOpenGLContextAttachOnScreenViewSurface+0x109
C  [AppKit+0x31db7c]  -[NSOpenGLContext setView:]+0x83
C  [liblwjgl.dylib+0xa586]  -[MacOSXOpenGLView lockFocus]+0x76
C  [AppKit+0xe1f45]  -[NSView _recursiveDisplayRectIfNeededIgnoringOpacity:isVisibleRect:rectIsVisibleRectForView:topView:]+0x740
C  [AppKit+0xe2fa0]  -[NSView _recursiveDisplayRectIfNeededIgnoringOpacity:isVisibleRect:rectIsVisibleRectForView:topView:]+0x179b
C  [AppKit+0xe12f3]  -[NSThemeFrame _recursiveDisplayRectIfNeededIgnoringOpacity:isVisibleRect:rectIsVisibleRectForView:topView:]+0x14d
C  [AppKit+0xdd68b]  -[NSView _displayRectIgnoringOpacity:isVisibleRect:rectIsVisibleRectForView:]+0xac9
C  [AppKit+0x951ae]  -[NSView displayIfNeeded]+0x754
C  [AppKit+0x94a09]  -[NSWindow displayIfNeeded]+0xec
C  [AppKit+0x94672]  _handleWindowNeedsDisplayOrLayoutOrUpdateConstraints+0x3a8
C  [Foundation+0x4ba23]  __NSFireTimer+0x5f
C  [CoreFoundation+0xb72e4]  __CFRUNLOOP_IS_CALLING_OUT_TO_A_TIMER_CALLBACK_FUNCTION__+0x14
C  [CoreFoundation+0xb6f73]  __CFRunLoopDoTimer+0x423
C  [CoreFoundation+0x12a53d]  __CFRunLoopDoTimers+0x12d
C  [CoreFoundation+0x72608]  __CFRunLoopRun+0x7e8
C  [CoreFoundation+0x71bd8]  CFRunLoopRunSpecific+0x128
C  [HIToolbox+0x3256f]  RunCurrentEventLoopInMode+0xeb
C  [HIToolbox+0x322ea]  ReceiveNextEventCommon+0x1af
C  [HIToolbox+0x3212b]  _BlockUntilNextEventMatchingListInModeWithFilter+0x47
C  [AppKit+0x918ab]  _DPSNextEvent+0x3d2
C  [AppKit+0x90e58]  -[NSApplication nextEventMatchingMask:untilDate:inMode:dequeue:]+0x15a
C  [libosxapp.dylib+0x24e3]  -[NSApplicationAWT nextEventMatchingMask:untilDate:inMode:dequeue:]+0x7c
C  [AppKit+0x86af3]  -[NSApplication run]+0x252
C  [libosxapp.dylib+0x2346]  +[NSApplicationAWT runAWTLoopWithApp:]+0x9c
C  [liblwawt.dylib+0xd4dd]  -[AWTStarter starter:]+0x369
C  [Foundation+0x92dd0]  __NSThreadPerformPerform+0x125
C  [CoreFoundation+0x80a01]  __CFRUNLOOP_IS_CALLING_OUT_TO_A_SOURCE0_PERFORM_FUNCTION__+0x11
C  [CoreFoundation+0x72b8d]  __CFRunLoopDoSources0+0x10d
C  [CoreFoundation+0x721bf]  __CFRunLoopRun+0x39f
C  [CoreFoundation+0x71bd8]  CFRunLoopRunSpecific+0x128
C  [java+0x73b0]  CreateExecutionEnvironment+0x367
C  [java+0x1b5c]  JLI_Launch+0x7a0
C  [java+0x770d]  main+0x65
C  [java+0x13b4]  start+0x34


---------------  P R O C E S S  ---------------

Java Threads: ( => current thread )
  0x00007f7fc2893000 JavaThread "AWT-Shutdown" [_thread_blocked, id=31779, stack(0x0000000114c94000,0x0000000114d94000)]
=>0x00007f7fc403d800 JavaThread "AppKit Thread" daemon [_thread_in_native, id=1811, stack(0x00007fff57501000,0x00007fff57581000)]
  0x00007f7fc4024000 JavaThread "Service Thread" daemon [_thread_blocked, id=19715, stack(0x000000011686f000,0x000000011696f000)]
  0x00007f7fc6001000 JavaThread "C2 CompilerThread1" daemon [_thread_blocked, id=19203, stack(0x000000011676c000,0x000000011686c000)]
  0x00007f7fc4023800 JavaThread "C2 CompilerThread0" daemon [_thread_blocked, id=18691, stack(0x0000000116669000,0x0000000116769000)]
  0x00007f7fc4001800 JavaThread "Signal Dispatcher" daemon [_thread_blocked, id=14611, stack(0x0000000116566000,0x0000000116666000)]
  0x00007f7fc5010800 JavaThread "Finalizer" daemon [_thread_blocked, id=13571, stack(0x0000000114b5b000,0x0000000114c5b000)]
  0x00007f7fc280c800 JavaThread "Reference Handler" daemon [_thread_blocked, id=13059, stack(0x0000000114a58000,0x0000000114b58000)]
  0x00007f7fc5001800 JavaThread "main" [_thread_in_native, id=4867, stack(0x000000010a262000,0x000000010a362000)]

Other Threads:
  0x00007f7fc302b800 VMThread [stack: 0x0000000114955000,0x0000000114a55000] [id=12547]
  0x00007f7fc401f000 WatcherThread [stack: 0x0000000116972000,0x0000000116a72000] [id=20227]

VM state:not at safepoint (normal execution)

VM Mutex/Monitor currently owned by a thread: None

Heap
 PSYoungGen      total 38912K, used 23332K [0x00000007d5500000, 0x00000007d8000000, 0x0000000800000000)
  eden space 33792K, 69% used [0x00000007d5500000,0x00000007d6bc90a8,0x00000007d7600000)
  from space 5120K, 0% used [0x00000007d7b00000,0x00000007d7b00000,0x00000007d8000000)
  to   space 5120K, 0% used [0x00000007d7600000,0x00000007d7600000,0x00000007d7b00000)
 ParOldGen       total 87040K, used 0K [0x0000000780000000, 0x0000000785500000, 0x00000007d5500000)
  object space 87040K, 0% used [0x0000000780000000,0x0000000780000000,0x0000000785500000)
 PSPermGen       total 21504K, used 5861K [0x000000077ae00000, 0x000000077c300000, 0x0000000780000000)
  object space 21504K, 27% used [0x000000077ae00000,0x000000077b3b96f8,0x000000077c300000)

Card table byte_map: [0x000000010d424000,0x000000010d84e000] byte_map_base: 0x000000010984d000

Polling page: 0x00000001087d1000

Code Cache  [0x000000010a364000, 0x000000010a5d4000, 0x000000010d364000)
 total_blobs=419 nmethods=110 adapters=263 free_code_cache=48529Kb largest_free_block=49670784

Compilation events (10 events):
Event: 7.477 Thread 0x00007f7fc4023800  106             java.nio.Buffer::remaining (10 bytes)
Event: 7.477 Thread 0x00007f7fc4023800 nmethod 106 0x000000010a3fc510 code [0x000000010a3fc640, 0x000000010a3fc698]
Event: 13.986 Thread 0x00007f7fc6001000  107             java.nio.HeapByteBuffer::ix (7 bytes)
Event: 13.987 Thread 0x00007f7fc6001000 nmethod 107 0x000000010a3fa550 code [0x000000010a3fa680, 0x000000010a3fa6d8]
Event: 15.744 Thread 0x00007f7fc4023800  108             java.util.ArrayList::access$100 (5 bytes)
Event: 15.744 Thread 0x00007f7fc4023800 nmethod 108 0x000000010a3f2210 code [0x000000010a3f2340, 0x000000010a3f2398]
Event: 16.413 Thread 0x00007f7fc6001000  109             java.nio.DirectIntBufferU::ix (10 bytes)
Event: 16.413 Thread 0x00007f7fc6001000 nmethod 109 0x000000010a3f2010 code [0x000000010a3f2140, 0x000000010a3f21b8]
Event: 16.947 Thread 0x00007f7fc4023800  110             java.nio.Buffer::limit (62 bytes)
Event: 16.947 Thread 0x00007f7fc4023800 nmethod 110 0x000000010a3f1dd0 code [0x000000010a3f1f00, 0x000000010a3f1f98]

GC Heap History (0 events):
No events

Deoptimization events (2 events):
Event: 4.427 Thread 0x00007f7fc5001800 Uncommon trap: reason=unreached action=reinterpret pc=0x000000010a4020b0 method=org.newdawn.slick.opengl.TextureImpl.bind()V @ 4
Event: 7.294 Thread 0x00007f7fc5001800 Uncommon trap: reason=unreached action=reinterpret pc=0x000000010a3f9fd4 method=org.newdawn.slick.opengl.TextureImpl.bind()V @ 4

Internal exceptions (10 events):
Event: 1.397 Thread 0x00007f7fc5001800 Threw 0x00000007d6986650 at /HUDSON/workspace/7u-2-build-macosx-x86_64/jdk7u75/1940/hotspot/src/share/vm/prims/jvm.cpp:1281
Event: 1.399 Thread 0x00007f7fc5001800 Threw 0x00000007d69b3cc8 at /HUDSON/workspace/7u-2-build-macosx-x86_64/jdk7u75/1940/hotspot/src/share/vm/prims/jvm.cpp:1281
Event: 1.399 Thread 0x00007f7fc5001800 Threw 0x00000007d69b62d8 at /HUDSON/workspace/7u-2-build-macosx-x86_64/jdk7u75/1940/hotspot/src/share/vm/prims/jvm.cpp:1281
Event: 1.402 Thread 0x00007f7fc5001800 Threw 0x00000007d69dadd0 at /HUDSON/workspace/7u-2-build-macosx-x86_64/jdk7u75/1940/hotspot/src/share/vm/prims/jvm.cpp:1281
Event: 1.461 Thread 0x00007f7fc5001800 Threw 0x00000007d69de330 at /HUDSON/workspace/7u-2-build-macosx-x86_64/jdk7u75/1940/hotspot/src/share/vm/prims/jvm.cpp:1281
Event: 1.461 Thread 0x00007f7fc5001800 Threw 0x00000007d69e06d8 at /HUDSON/workspace/7u-2-build-macosx-x86_64/jdk7u75/1940/hotspot/src/share/vm/prims/jvm.cpp:1281
Event: 1.462 Thread 0x00007f7fc5001800 Threw 0x00000007d69e4be8 at /HUDSON/workspace/7u-2-build-macosx-x86_64/jdk7u75/1940/hotspot/src/share/vm/prims/jvm.cpp:1281
Event: 4.426 Thread 0x00007f7fc5001800 Threw 0x00000007d6a4de78 at /HUDSON/workspace/7u-2-build-macosx-x86_64/jdk7u75/1940/hotspot/src/share/vm/prims/jvm.cpp:1281
Event: 4.427 Thread 0x00007f7fc5001800 Threw 0x00000007d6a50430 at /HUDSON/workspace/7u-2-build-macosx-x86_64/jdk7u75/1940/hotspot/src/share/vm/prims/jvm.cpp:1281
Event: 17.853 Thread 0x00007f7fc5001800 Threw 0x00000007d6bb3a28 at /HUDSON/workspace/7u-2-build-macosx-x86_64/jdk7u75/1940/hotspot/src/share/vm/prims/jvm.cpp:1281

Events (10 events):
Event: 4.428 Thread 0x00007f7fc5001800 DEOPT UNPACKING pc=0x000000010a39d045 sp=0x000000010a361658 mode 2
Event: 6.218 Executing VM operation: RevokeBias
Event: 6.218 Executing VM operation: RevokeBias done
Event: 6.218 Thread 0x00007f7fc3037800 Thread exited: 0x00007f7fc3037800
Event: 7.294 Thread 0x00007f7fc5001800 Uncommon trap: trap_request=0xffffffad fr.pc=0x000000010a3f9fd4
Event: 7.294 Thread 0x00007f7fc5001800 DEOPT PACKING pc=0x000000010a3f9fd4 sp=0x000000010a3616a0
Event: 7.294 Thread 0x00007f7fc5001800 DEOPT UNPACKING pc=0x000000010a39d045 sp=0x000000010a361660 mode 2
Event: 15.118 Thread 0x00007f7fc2893000 Thread added: 0x00007f7fc2893000
Event: 17.853 loading class 0x00007f7fc2747a10
Event: 17.853 loading class 0x00007f7fc2747a10 done


Dynamic libraries:
0x0000000001f8d000 	/System/Library/Frameworks/Cocoa.framework/Versions/A/Cocoa
0x0000000001f8d000 	/System/Library/Frameworks/Security.framework/Versions/A/Security
0x0000000001f8d000 	/System/Library/Frameworks/ApplicationServices.framework/Versions/A/ApplicationServices
0x0000000001f8d000 	/usr/lib/libz.1.dylib
0x0000000001f8d000 	/usr/lib/libSystem.B.dylib
0x0000000001f8d000 	/usr/lib/libobjc.A.dylib
0x0000000001f8d000 	/System/Library/Frameworks/CoreFoundation.framework/Versions/A/CoreFoundation
0x0000000001f8d000 	/System/Library/Frameworks/Foundation.framework/Versions/C/Foundation
0x0000000001f8d000 	/System/Library/Frameworks/AppKit.framework/Versions/C/AppKit
0x0000000001f8d000 	/System/Library/Frameworks/CoreData.framework/Versions/A/CoreData
0x0000000001f8d000 	/System/Library/PrivateFrameworks/RemoteViewServices.framework/Versions/A/RemoteViewServices
0x0000000001f8d000 	/System/Library/PrivateFrameworks/UIFoundation.framework/Versions/A/UIFoundation
0x0000000001f8d000 	/System/Library/Frameworks/IOSurface.framework/Versions/A/IOSurface
0x0000000001f8d000 	/System/Library/Frameworks/AudioToolbox.framework/Versions/A/AudioToolbox
0x0000000001f8d000 	/System/Library/Frameworks/AudioUnit.framework/Versions/A/AudioUnit
0x0000000001f8d000 	/System/Library/PrivateFrameworks/DataDetectorsCore.framework/Versions/A/DataDetectorsCore
0x0000000001f8d000 	/System/Library/PrivateFrameworks/DesktopServicesPriv.framework/Versions/A/DesktopServicesPriv
0x0000000001f8d000 	/System/Library/Frameworks/Carbon.framework/Versions/A/Frameworks/HIToolbox.framework/Versions/A/HIToolbox
0x0000000001f8d000 	/System/Library/Frameworks/QuartzCore.framework/Versions/A/QuartzCore
0x0000000001f8d000 	/System/Library/Frameworks/Carbon.framework/Versions/A/Frameworks/SpeechRecognition.framework/Versions/A/SpeechRecognition
0x0000000001f8d000 	/usr/lib/libauto.dylib
0x0000000001f8d000 	/usr/lib/libicucore.A.dylib
0x0000000001f8d000 	/usr/lib/libxml2.2.dylib
0x0000000001f8d000 	/System/Library/PrivateFrameworks/CoreUI.framework/Versions/A/CoreUI
0x0000000001f8d000 	/System/Library/Frameworks/CoreAudio.framework/Versions/A/CoreAudio
0x0000000001f8d000 	/System/Library/Frameworks/DiskArbitration.framework/Versions/A/DiskArbitration
0x0000000001f8d000 	/usr/lib/liblangid.dylib
0x0000000001f8d000 	/System/Library/PrivateFrameworks/MultitouchSupport.framework/Versions/A/MultitouchSupport
0x0000000001f8d000 	/System/Library/Frameworks/IOKit.framework/Versions/A/IOKit
0x0000000001f8d000 	/usr/lib/libDiagnosticMessagesClient.dylib
0x0000000001f8d000 	/System/Library/Frameworks/CoreServices.framework/Versions/A/CoreServices
0x0000000001f8d000 	/System/Library/PrivateFrameworks/PerformanceAnalysis.framework/Versions/A/PerformanceAnalysis
0x0000000001f8d000 	/System/Library/PrivateFrameworks/GenerationalStorage.framework/Versions/A/GenerationalStorage
0x0000000001f8d000 	/System/Library/Frameworks/OpenGL.framework/Versions/A/OpenGL
0x0000000001f8d000 	/System/Library/PrivateFrameworks/Sharing.framework/Versions/A/Sharing
0x0000000001f8d000 	/System/Library/Frameworks/CoreGraphics.framework/Versions/A/CoreGraphics
0x0000000001f8d000 	/System/Library/Frameworks/CoreText.framework/Versions/A/CoreText
0x0000000001f8d000 	/System/Library/Frameworks/ImageIO.framework/Versions/A/ImageIO
0x0000000001f8d000 	/usr/lib/libextension.dylib
0x0000000001f8d000 	/System/Library/PrivateFrameworks/Backup.framework/Versions/A/Backup
0x0000000001f8d000 	/usr/lib/libarchive.2.dylib
0x0000000001f8d000 	/System/Library/Frameworks/CFNetwork.framework/Versions/A/CFNetwork
0x0000000001f8d000 	/System/Library/Frameworks/SystemConfiguration.framework/Versions/A/SystemConfiguration
0x0000000001f8d000 	/usr/lib/libCRFSuite.dylib
0x0000000001f8d000 	/usr/lib/libc++.1.dylib
0x0000000001f8d000 	/usr/lib/libc++abi.dylib
0x0000000001f8d000 	/usr/lib/system/libcache.dylib
0x0000000001f8d000 	/usr/lib/system/libcommonCrypto.dylib
0x0000000001f8d000 	/usr/lib/system/libcompiler_rt.dylib
0x0000000001f8d000 	/usr/lib/system/libcopyfile.dylib
0x0000000001f8d000 	/usr/lib/system/libcorecrypto.dylib
0x0000000001f8d000 	/usr/lib/system/libdispatch.dylib
0x0000000001f8d000 	/usr/lib/system/libdyld.dylib
0x0000000001f8d000 	/usr/lib/system/libkeymgr.dylib
0x0000000001f8d000 	/usr/lib/system/liblaunch.dylib
0x0000000001f8d000 	/usr/lib/system/libmacho.dylib
0x0000000001f8d000 	/usr/lib/system/libquarantine.dylib
0x0000000001f8d000 	/usr/lib/system/libremovefile.dylib
0x0000000001f8d000 	/usr/lib/system/libsystem_asl.dylib
0x0000000001f8d000 	/usr/lib/system/libsystem_blocks.dylib
0x0000000001f8d000 	/usr/lib/system/libsystem_c.dylib
0x0000000001f8d000 	/usr/lib/system/libsystem_configuration.dylib
0x0000000001f8d000 	/usr/lib/system/libsystem_coreservices.dylib
0x0000000001f8d000 	/usr/lib/system/libsystem_coretls.dylib
0x0000000001f8d000 	/usr/lib/system/libsystem_dnssd.dylib
0x0000000001f8d000 	/usr/lib/system/libsystem_info.dylib
0x0000000001f8d000 	/usr/lib/system/libsystem_kernel.dylib
0x0000000001f8d000 	/usr/lib/system/libsystem_m.dylib
0x0000000001f8d000 	/usr/lib/system/libsystem_malloc.dylib
0x0000000001f8d000 	/usr/lib/system/libsystem_network.dylib
0x0000000001f8d000 	/usr/lib/system/libsystem_networkextension.dylib
0x0000000001f8d000 	/usr/lib/system/libsystem_notify.dylib
0x0000000001f8d000 	/usr/lib/system/libsystem_platform.dylib
0x0000000001f8d000 	/usr/lib/system/libsystem_pthread.dylib
0x0000000001f8d000 	/usr/lib/system/libsystem_sandbox.dylib
0x0000000001f8d000 	/usr/lib/system/libsystem_secinit.dylib
0x0000000001f8d000 	/usr/lib/system/libsystem_stats.dylib
0x0000000001f8d000 	/usr/lib/system/libsystem_trace.dylib
0x0000000001f8d000 	/usr/lib/system/libunc.dylib
0x0000000001f8d000 	/usr/lib/system/libunwind.dylib
0x0000000001f8d000 	/usr/lib/system/libxpc.dylib
0x0000000001f8d000 	/usr/lib/libbz2.1.0.dylib
0x0000000001f8d000 	/usr/lib/liblzma.5.dylib
0x0000000001f8d000 	/usr/lib/libbsm.0.dylib
0x0000000001f8d000 	/usr/lib/libsqlite3.dylib
0x0000000001f8d000 	/usr/lib/system/libkxld.dylib
0x0000000001f8d000 	/usr/lib/libxar.1.dylib
0x0000000001f8d000 	/usr/lib/libpam.2.dylib
0x0000000001f8d000 	/usr/lib/libOpenScriptingUtil.dylib
0x0000000001f8d000 	/System/Library/Frameworks/CoreServices.framework/Versions/A/Frameworks/FSEvents.framework/Versions/A/FSEvents
0x0000000001f8d000 	/System/Library/Frameworks/CoreServices.framework/Versions/A/Frameworks/CarbonCore.framework/Versions/A/CarbonCore
0x0000000001f8d000 	/System/Library/Frameworks/CoreServices.framework/Versions/A/Frameworks/Metadata.framework/Versions/A/Metadata
0x0000000001f8d000 	/System/Library/Frameworks/CoreServices.framework/Versions/A/Frameworks/OSServices.framework/Versions/A/OSServices
0x0000000001f8d000 	/System/Library/Frameworks/CoreServices.framework/Versions/A/Frameworks/SearchKit.framework/Versions/A/SearchKit
0x0000000001f8d000 	/System/Library/Frameworks/CoreServices.framework/Versions/A/Frameworks/AE.framework/Versions/A/AE
0x0000000001f8d000 	/System/Library/Frameworks/CoreServices.framework/Versions/A/Frameworks/LaunchServices.framework/Versions/A/LaunchServices
0x0000000001f8d000 	/System/Library/Frameworks/CoreServices.framework/Versions/A/Frameworks/DictionaryServices.framework/Versions/A/DictionaryServices
0x0000000001f8d000 	/System/Library/Frameworks/NetFS.framework/Versions/A/NetFS
0x0000000001f8d000 	/System/Library/PrivateFrameworks/NetAuth.framework/Versions/A/NetAuth
0x0000000001f8d000 	/System/Library/PrivateFrameworks/login.framework/Versions/A/Frameworks/loginsupport.framework/Versions/A/loginsupport
0x0000000001f8d000 	/System/Library/PrivateFrameworks/TCC.framework/Versions/A/TCC
0x0000000001f8d000 	/usr/lib/libmecabra.dylib
0x0000000001f8d000 	/System/Library/Frameworks/ApplicationServices.framework/Versions/A/Frameworks/ATS.framework/Versions/A/ATS
0x0000000001f8d000 	/System/Library/Frameworks/ApplicationServices.framework/Versions/A/Frameworks/ColorSync.framework/Versions/A/ColorSync
0x0000000001f8d000 	/System/Library/Frameworks/ApplicationServices.framework/Versions/A/Frameworks/HIServices.framework/Versions/A/HIServices
0x0000000001f8d000 	/System/Library/Frameworks/ApplicationServices.framework/Versions/A/Frameworks/LangAnalysis.framework/Versions/A/LangAnalysis
0x0000000001f8d000 	/System/Library/Frameworks/ApplicationServices.framework/Versions/A/Frameworks/PrintCore.framework/Versions/A/PrintCore
0x0000000001f8d000 	/System/Library/Frameworks/ApplicationServices.framework/Versions/A/Frameworks/QD.framework/Versions/A/QD
0x0000000001f8d000 	/System/Library/Frameworks/ApplicationServices.framework/Versions/A/Frameworks/SpeechSynthesis.framework/Versions/A/SpeechSynthesis
0x0000000001f8d000 	/System/Library/Frameworks/Accelerate.framework/Versions/A/Accelerate
0x0000000001f8d000 	/System/Library/Frameworks/Accelerate.framework/Versions/A/Frameworks/vImage.framework/Versions/A/vImage
0x0000000001f8d000 	/System/Library/Frameworks/Accelerate.framework/Versions/A/Frameworks/vecLib.framework/Versions/A/vecLib
0x0000000001f8d000 	/System/Library/Frameworks/Accelerate.framework/Versions/A/Frameworks/vecLib.framework/Versions/A/libvDSP.dylib
0x0000000001f8d000 	/System/Library/Frameworks/Accelerate.framework/Versions/A/Frameworks/vecLib.framework/Versions/A/libvMisc.dylib
0x0000000001f8d000 	/System/Library/Frameworks/Accelerate.framework/Versions/A/Frameworks/vecLib.framework/Versions/A/libLAPACK.dylib
0x0000000001f8d000 	/System/Library/Frameworks/Accelerate.framework/Versions/A/Frameworks/vecLib.framework/Versions/A/libBLAS.dylib
0x0000000001f8d000 	/System/Library/Frameworks/Accelerate.framework/Versions/A/Frameworks/vecLib.framework/Versions/A/libLinearAlgebra.dylib
0x0000000001f8d000 	/System/Library/Frameworks/ApplicationServices.framework/Versions/A/Frameworks/ATS.framework/Versions/A/Resources/libFontParser.dylib
0x0000000001f8d000 	/System/Library/Frameworks/ApplicationServices.framework/Versions/A/Frameworks/ATS.framework/Versions/A/Resources/libFontRegistry.dylib
0x0000000001f8d000 	/System/Library/PrivateFrameworks/AppleVPA.framework/Versions/A/AppleVPA
0x0000000001f8d000 	/System/Library/PrivateFrameworks/AppleJPEG.framework/Versions/A/AppleJPEG
0x0000000001f8d000 	/System/Library/Frameworks/ImageIO.framework/Versions/A/Resources/libJPEG.dylib
0x0000000001f8d000 	/System/Library/Frameworks/ImageIO.framework/Versions/A/Resources/libTIFF.dylib
0x0000000001f8d000 	/System/Library/Frameworks/ImageIO.framework/Versions/A/Resources/libPng.dylib
0x0000000001f8d000 	/System/Library/Frameworks/ImageIO.framework/Versions/A/Resources/libGIF.dylib
0x0000000001f8d000 	/System/Library/Frameworks/ImageIO.framework/Versions/A/Resources/libJP2.dylib
0x0000000001f8d000 	/System/Library/Frameworks/ImageIO.framework/Versions/A/Resources/libRadiance.dylib
0x0000000001f8d000 	/System/Library/Frameworks/CoreVideo.framework/Versions/A/CoreVideo
0x0000000001f8d000 	/System/Library/Frameworks/OpenGL.framework/Versions/A/Libraries/libGLU.dylib
0x0000000001f8d000 	/System/Library/Frameworks/OpenGL.framework/Versions/A/Libraries/libGFXShared.dylib
0x0000000001f8d000 	/System/Library/Frameworks/OpenGL.framework/Versions/A/Libraries/libGL.dylib
0x0000000001f8d000 	/System/Library/Frameworks/OpenGL.framework/Versions/A/Libraries/libGLImage.dylib
0x0000000001f8d000 	/System/Library/Frameworks/OpenGL.framework/Versions/A/Libraries/libCVMSPluginSupport.dylib
0x0000000001f8d000 	/System/Library/Frameworks/OpenGL.framework/Versions/A/Libraries/libCoreVMClient.dylib
0x0000000001f8d000 	/usr/lib/libcups.2.dylib
0x0000000001f8d000 	/System/Library/Frameworks/Kerberos.framework/Versions/A/Kerberos
0x0000000001f8d000 	/System/Library/Frameworks/GSS.framework/Versions/A/GSS
0x0000000001f8d000 	/usr/lib/libresolv.9.dylib
0x0000000001f8d000 	/usr/lib/libiconv.2.dylib
0x0000000001f8d000 	/System/Library/PrivateFrameworks/Heimdal.framework/Versions/A/Heimdal
0x0000000001f8d000 	/usr/lib/libheimdal-asn1.dylib
0x0000000001f8d000 	/System/Library/Frameworks/OpenDirectory.framework/Versions/A/OpenDirectory
0x0000000001f8d000 	/System/Library/PrivateFrameworks/CommonAuth.framework/Versions/A/CommonAuth
0x0000000001f8d000 	/System/Library/Frameworks/OpenDirectory.framework/Versions/A/Frameworks/CFOpenDirectory.framework/Versions/A/CFOpenDirectory
0x0000000001f8d000 	/System/Library/Frameworks/SecurityFoundation.framework/Versions/A/SecurityFoundation
0x0000000001f8d000 	/System/Library/PrivateFrameworks/LanguageModeling.framework/Versions/A/LanguageModeling
0x0000000001f8d000 	/usr/lib/libcmph.dylib
0x0000000001f8d000 	/System/Library/Frameworks/ServiceManagement.framework/Versions/A/ServiceManagement
0x0000000001f8d000 	/usr/lib/libxslt.1.dylib
0x0000000001f8d000 	/System/Library/Frameworks/Carbon.framework/Versions/A/Frameworks/Ink.framework/Versions/A/Ink
0x0000000001f8d000 	/System/Library/Frameworks/QuartzCore.framework/Versions/A/Frameworks/CoreImage.framework/Versions/A/CoreImage
0x0000000001f8d000 	/System/Library/PrivateFrameworks/CrashReporterSupport.framework/Versions/A/CrashReporterSupport
0x0000000001f8d000 	/System/Library/Frameworks/OpenCL.framework/Versions/A/OpenCL
0x0000000001f8d000 	/System/Library/PrivateFrameworks/FaceCore.framework/Versions/A/FaceCore
0x0000000001f8d000 	/System/Library/PrivateFrameworks/Ubiquity.framework/Versions/A/Ubiquity
0x0000000001f8d000 	/System/Library/PrivateFrameworks/IconServices.framework/Versions/A/IconServices
0x0000000001f8d000 	/System/Library/PrivateFrameworks/ChunkingLibrary.framework/Versions/A/ChunkingLibrary
0x0000000001f8d000 	/System/Library/PrivateFrameworks/Apple80211.framework/Versions/A/Apple80211
0x0000000001f8d000 	/System/Library/Frameworks/CoreWLAN.framework/Versions/A/CoreWLAN
0x0000000001f8d000 	/System/Library/Frameworks/IOBluetooth.framework/Versions/A/IOBluetooth
0x0000000001f8d000 	/System/Library/PrivateFrameworks/CoreWiFi.framework/Versions/A/CoreWiFi
0x0000000001f8d000 	/System/Library/Frameworks/CoreBluetooth.framework/Versions/A/CoreBluetooth
0x0000000001f8d000 	/System/Library/PrivateFrameworks/DebugSymbols.framework/Versions/A/DebugSymbols
0x0000000001f8d000 	/System/Library/PrivateFrameworks/CoreSymbolication.framework/Versions/A/CoreSymbolication
0x0000000001f8d000 	/System/Library/PrivateFrameworks/Symbolication.framework/Versions/A/Symbolication
0x0000000001f8d000 	/System/Library/PrivateFrameworks/SpeechRecognitionCore.framework/Versions/A/SpeechRecognitionCore
0x0000000109800000 	/Library/Java/JavaVirtualMachines/jdk1.7.0_75.jdk/Contents/Home/jre/lib/server/libjvm.dylib
0x0000000001f8d000 	/usr/lib/libstdc++.6.dylib
0x0000000108794000 	/Library/Java/JavaVirtualMachines/jdk1.7.0_75.jdk/Contents/Home/jre/lib/libverify.dylib
0x00000001087a1000 	/Library/Java/JavaVirtualMachines/jdk1.7.0_75.jdk/Contents/Home/jre/lib/libjava.dylib
0x00000001087db000 	/Library/Java/JavaVirtualMachines/jdk1.7.0_75.jdk/Contents/Home/jre/lib/libzip.dylib
0x00000001087e5000 	/System/Library/Frameworks/JavaVM.framework/Frameworks/JavaRuntimeSupport.framework/JavaRuntimeSupport
0x0000000114c5d000 	/System/Library/Frameworks/JavaVM.framework/Versions/A/Frameworks/JavaNativeFoundation.framework/Versions/A/JavaNativeFoundation
0x0000000114c72000 	/System/Library/Frameworks/JavaVM.framework/Versions/A/JavaVM
0x0000000001f8d000 	/System/Library/Frameworks/Carbon.framework/Versions/A/Carbon
0x0000000114c7f000 	/System/Library/PrivateFrameworks/JavaLaunching.framework/Versions/A/JavaLaunching
0x0000000001f8d000 	/System/Library/Frameworks/Carbon.framework/Versions/A/Frameworks/CommonPanels.framework/Versions/A/CommonPanels
0x0000000001f8d000 	/System/Library/Frameworks/Carbon.framework/Versions/A/Frameworks/Help.framework/Versions/A/Help
0x0000000001f8d000 	/System/Library/Frameworks/Carbon.framework/Versions/A/Frameworks/ImageCapture.framework/Versions/A/ImageCapture
0x0000000001f8d000 	/System/Library/Frameworks/Carbon.framework/Versions/A/Frameworks/OpenScripting.framework/Versions/A/OpenScripting
0x0000000001f8d000 	/System/Library/Frameworks/Carbon.framework/Versions/A/Frameworks/Print.framework/Versions/A/Print
0x0000000001f8d000 	/System/Library/Frameworks/Carbon.framework/Versions/A/Frameworks/SecurityHI.framework/Versions/A/SecurityHI
0x0000000116ac2000 	/Library/Java/JavaVirtualMachines/jdk1.7.0_75.jdk/Contents/Home/jre/lib/libawt.dylib
0x0000000116b71000 	/Library/Java/JavaVirtualMachines/jdk1.7.0_75.jdk/Contents/Home/jre/lib/./libmlib_image.dylib
0x0000000116c3d000 	/Library/Java/JavaVirtualMachines/jdk1.7.0_75.jdk/Contents/Home/jre/lib/lwawt/liblwawt.dylib
0x0000000116cf1000 	/Library/Java/JavaVirtualMachines/jdk1.7.0_75.jdk/Contents/Home/jre/lib/libosxapp.dylib
0x0000000001f8d000 	/System/Library/Frameworks/ExceptionHandling.framework/Versions/A/ExceptionHandling
0x0000000001f8d000 	/System/Library/PrivateFrameworks/CoreServicesInternal.framework/Versions/A/CoreServicesInternal
0x0000000001f8d000 	/System/Library/PrivateFrameworks/CloudDocs.framework/Versions/A/CloudDocs
0x0000000001f8d000 	/System/Library/PrivateFrameworks/CoreDuet.framework/Versions/A/CoreDuet
0x0000000001f8d000 	/System/Library/Frameworks/CloudKit.framework/Versions/A/CloudKit
0x0000000001f8d000 	/System/Library/PrivateFrameworks/ProtocolBuffer.framework/Versions/A/ProtocolBuffer
0x0000000001f8d000 	/System/Library/PrivateFrameworks/CoreDuetDaemonProtocol.framework/Versions/A/CoreDuetDaemonProtocol
0x0000000001f8d000 	/System/Library/PrivateFrameworks/CoreDuetDebugLogging.framework/Versions/A/CoreDuetDebugLogging
0x0000000001f8d000 	/System/Library/PrivateFrameworks/MMCS.framework/Versions/A/MMCS
0x0000000001f8d000 	/System/Library/Frameworks/CoreLocation.framework/Versions/A/CoreLocation
0x0000000001f8d000 	/System/Library/PrivateFrameworks/ProtectedCloudStorage.framework/Versions/A/ProtectedCloudStorage
0x0000000001f8d000 	/System/Library/PrivateFrameworks/GeoServices.framework/Versions/A/GeoServices
0x0000000001f8d000 	/System/Library/Frameworks/CoreGraphics.framework/Versions/A/Resources/libCGCMS.A.dylib
0x0000000001f8d000 	/System/Library/Frameworks/CoreGraphics.framework/Versions/A/Resources/libRIP.A.dylib
0x0000000001f8d000 	/System/Library/Frameworks/CoreGraphics.framework/Versions/A/Resources/libCGXType.A.dylib
0x0000000001f8d000 	/System/Library/Frameworks/OpenCL.framework/Versions/A/Libraries/libcldcpuengine.dylib
0x0000000001f8d000 	/System/Library/PrivateFrameworks/DiskImages.framework/Versions/A/DiskImages
0x0000000001f8d000 	/System/Library/Frameworks/DiscRecording.framework/Versions/A/DiscRecording
0x0000000001f8d000 	/usr/lib/libcsfde.dylib
0x0000000001f8d000 	/usr/lib/libcurl.4.dylib
0x0000000001f8d000 	/System/Library/PrivateFrameworks/MediaKit.framework/Versions/A/MediaKit
0x0000000001f8d000 	/usr/lib/libCoreStorage.dylib
0x0000000001f8d000 	/System/Library/PrivateFrameworks/EFILogin.framework/Versions/A/EFILogin
0x0000000001f8d000 	/usr/lib/libutil.dylib
0x0000000001f8d000 	/System/Library/PrivateFrameworks/FindMyDevice.framework/Versions/A/FindMyDevice
0x0000000001f8d000 	/System/Library/Frameworks/LDAP.framework/Versions/A/LDAP
0x0000000001f8d000 	/usr/lib/libsasl2.2.dylib
0x0000000001f8d000 	/System/Library/PrivateFrameworks/CoreDaemon.framework/Versions/B/CoreDaemon
0x0000000001f8d000 	/usr/lib/libcrypto.0.9.8.dylib
0x0000000001f8d000 	/System/Library/PrivateFrameworks/AppleSRP.framework/Versions/A/AppleSRP
0x0000000001f8d000 	/System/Library/PrivateFrameworks/TrustEvaluationAgent.framework/Versions/A/TrustEvaluationAgent
0x0000000119dd2000 	cl_kernels
0x0000000119dd4000 	/System/Library/Frameworks/OpenCL.framework/Versions/A/Libraries/ImageFormats/unorm8_bgra.dylib
0x0000000119dc5000 	cl_kernels
0x0000000001f8d000 	/System/Library/PrivateFrameworks/FamilyControls.framework/Versions/A/FamilyControls
0x0000000001f8d000 	/System/Library/PrivateFrameworks/CommerceKit.framework/Versions/A/Frameworks/CommerceCore.framework/Versions/A/CommerceCore
0x0000000001f8d000 	/System/Library/PrivateFrameworks/SystemAdministration.framework/Versions/A/SystemAdministration
0x0000000001f8d000 	/System/Library/PrivateFrameworks/AppContainer.framework/Versions/A/AppContainer
0x0000000001f8d000 	/System/Library/PrivateFrameworks/SecCodeWrapper.framework/Versions/A/SecCodeWrapper
0x0000000001f8d000 	/System/Library/Frameworks/DirectoryService.framework/Versions/A/DirectoryService
0x0000000001f8d000 	/System/Library/PrivateFrameworks/LoginUIKit.framework/Versions/A/Frameworks/LoginUICore.framework/Versions/A/LoginUICore
0x0000000001f8d000 	/usr/lib/libodfde.dylib
0x000000011b0ce000 	/Library/Java/JavaVirtualMachines/jdk1.7.0_75.jdk/Contents/Home/jre/lib/libfontmanager.dylib
0x000000011b135000 	/Users/charleshumphries/Desktop/Game-Development/lib/natives/liblwjgl.dylib
0x0000000119298000 	/Library/Java/JavaVirtualMachines/jdk1.7.0_75.jdk/Contents/Home/jre/lib/libjawt.dylib
0x0000000001f8d000 	/System/Library/Frameworks/OpenGL.framework/Versions/A/Resources/GLEngine.bundle/GLEngine
0x0000000001f8d000 	/System/Library/Frameworks/OpenGL.framework/Versions/A/Libraries/libGLProgrammability.dylib
0x000000011b1b7000 	/System/Library/Extensions/AppleIntelHD3000GraphicsGLDriver.bundle/Contents/MacOS/AppleIntelHD3000GraphicsGLDriver
0x000000011929b000 	/System/Library/PrivateFrameworks/GPUSupport.framework/Versions/A/Libraries/libGPUSupport.dylib
0x000000011b638000 	/System/Library/Extensions/AMDRadeonX3000GLDriver.bundle/Contents/MacOS/AMDRadeonX3000GLDriver
0x0000000001f8d000 	/System/Library/PrivateFrameworks/IOAccelerator.framework/Versions/A/IOAccelerator
0x0000000001f8d000 	/System/Library/PrivateFrameworks/GPUSupport.framework/Versions/A/Libraries/libGPUSupportMercury.dylib
0x0000000001f8d000 	/System/Library/Frameworks/OpenGL.framework/Versions/A/Resources/GLRendererFloat.bundle/GLRendererFloat
0x000000011bf4e000 	/Library/Java/JavaVirtualMachines/jdk1.7.0_75.jdk/Contents/Home/jre/lib/libnio.dylib
0x000000011bf5d000 	/Library/Java/JavaVirtualMachines/jdk1.7.0_75.jdk/Contents/Home/jre/lib/./libnet.dylib

VM Arguments:
jvm_args: -Djava.library.path=/Users/charleshumphries/Desktop/Game-Development/lib/natives:/Users/charleshumphries/Desktop/Game-Development/lib/natives -Dfile.encoding=UTF-8 
java_command: data.Boot
Launcher Type: SUN_STANDARD

Environment Variables:
PATH=/usr/bin:/bin:/usr/sbin:/sbin
SHELL=/bin/bash

Signal Handlers:
SIGSEGV: [libjvm.dylib+0x52d20d], sa_mask[0]=0xfffefeff, sa_flags=0x00000043
SIGBUS: [libjvm.dylib+0x52d20d], sa_mask[0]=0xfffefeff, sa_flags=0x00000042
SIGFPE: [libjvm.dylib+0x41ee7a], sa_mask[0]=0xfffefeff, sa_flags=0x00000042
SIGPIPE: [libjvm.dylib+0x41ee7a], sa_mask[0]=0xfffefeff, sa_flags=0x00000042
SIGXFSZ: [libjvm.dylib+0x41ee7a], sa_mask[0]=0xfffefeff, sa_flags=0x00000042
SIGILL: [libjvm.dylib+0x41ee7a], sa_mask[0]=0xfffefeff, sa_flags=0x00000042
SIGUSR1: SIG_DFL, sa_mask[0]=0x00000000, sa_flags=0x00000000
SIGUSR2: [libjvm.dylib+0x41e96c], sa_mask[0]=0x00000004, sa_flags=0x00000042
SIGHUP: [libjvm.dylib+0x41cbfd], sa_mask[0]=0xfffefeff, sa_flags=0x00000042
SIGINT: [libjvm.dylib+0x41cbfd], sa_mask[0]=0xfffefeff, sa_flags=0x00000042
SIGTERM: [libjvm.dylib+0x41cbfd], sa_mask[0]=0xfffefeff, sa_flags=0x00000042
SIGQUIT: [libjvm.dylib+0x41cbfd], sa_mask[0]=0xfffefeff, sa_flags=0x00000042


---------------  S Y S T E M  ---------------

OS:Bsduname:Darwin 14.5.0 Darwin Kernel Version 14.5.0: Wed Jul 29 02:26:53 PDT 2015; root:xnu-2782.40.9~1/RELEASE_X86_64 x86_64
rlimit: STACK 8192k, CORE 0k, NPROC 709, NOFILE 10240, AS infinity
load average:1.72 1.63 1.65

CPU:total 8 (4 cores per cpu, 2 threads per core) family 6 model 42 stepping 7, cmov, cx8, fxsr, mmx, sse, sse2, sse3, ssse3, sse4.1, sse4.2, popcnt, avx, aes, ht, tsc, tscinvbit

Memory: 4k page, physical 8388608k(2097152k free)

/proc/meminfo:


vm_info: Java HotSpot(TM) 64-Bit Server VM (24.75-b04) for bsd-amd64 JRE (1.7.0_75-b13), built on Dec 18 2014 21:48:12 by "java_re" with gcc 4.2.1 (Based on Apple Inc. build 5658) (LLVM build 2336.11.00)

time: Mon Jan 11 21:39:06 2016
elapsed time: 18 seconds

